<?xml version="1.0" encoding="UTF-8"?>
<!-- Generated by org.testng.reporters.JUnitReportReporter -->
<testsuite hostname="WSD014" name="Guru99AutomationProject.loginpage.Tc_001_InvalidCredentials" tests="1" failures="0" timestamp="21 Jun 2017 09:16:55 GMT" time="6.432" errors="0">
  <testcase name="verifyInvalidCredentials" time="6.432" classname="Guru99AutomationProject.loginpage.Tc_001_InvalidCredentials"/>
</testsuite> <!-- Guru99AutomationProject.loginpage.Tc_001_InvalidCredentials -->
