<?xml version="1.0" encoding="UTF-8"?>
<!-- Generated by org.testng.reporters.JUnitReportReporter -->
<testsuite hostname="WSD014" name="Guru99AutomationProject.Guru99AutomationProject.Tc_001_RegisterUser" tests="1" failures="0" timestamp="21 Jun 2017 09:32:24 GMT" time="2.802" errors="0">
  <testcase name="registr" time="2.802" classname="Guru99AutomationProject.Guru99AutomationProject.Tc_001_RegisterUser"/>
</testsuite> <!-- Guru99AutomationProject.Guru99AutomationProject.Tc_001_RegisterUser -->
